2025-05-19 13:00:26,863 [INFO] Extracted 30 paste IDs from archive.
2025-05-19 13:00:26,864 [INFO] [1/30] Checking paste ID: wjJ5iSvs
2025-05-19 13:00:28,057 [INFO] No keywords found in paste wjJ5iSvs. Skipped.
2025-05-19 13:00:30,058 [INFO] [2/30] Checking paste ID: kX6Exd6L
2025-05-19 13:00:31,200 [INFO] No keywords found in paste kX6Exd6L. Skipped.
2025-05-19 13:00:33,201 [INFO] [3/30] Checking paste ID: tkzArCMr
2025-05-19 13:00:34,384 [INFO] No keywords found in paste tkzArCMr. Skipped.
2025-05-19 13:00:36,385 [INFO] [4/30] Checking paste ID: baeWyLfA
2025-05-19 13:00:37,556 [INFO] No keywords found in paste baeWyLfA. Skipped.
2025-05-19 13:00:39,556 [INFO] [5/30] Checking paste ID: RFkR3HNp
2025-05-19 13:00:40,753 [INFO] No keywords found in paste RFkR3HNp. Skipped.
2025-05-19 13:00:42,754 [INFO] [6/30] Checking paste ID: tDSQ1xZh
2025-05-19 13:00:44,523 [INFO] No keywords found in paste tDSQ1xZh. Skipped.
2025-05-19 13:00:46,524 [INFO] [7/30] Checking paste ID: 19rWhZr7
2025-05-19 13:00:47,697 [INFO] No keywords found in paste 19rWhZr7. Skipped.
2025-05-19 13:00:49,698 [INFO] [8/30] Checking paste ID: sqcH8V6c
2025-05-19 13:00:50,871 [INFO] No keywords found in paste sqcH8V6c. Skipped.
2025-05-19 13:00:52,872 [INFO] [9/30] Checking paste ID: kf9NWnUu
2025-05-19 13:00:54,148 [INFO] No keywords found in paste kf9NWnUu. Skipped.
2025-05-19 13:00:56,149 [INFO] [10/30] Checking paste ID: Nr42XAxY
2025-05-19 13:00:57,322 [INFO] No keywords found in paste Nr42XAxY. Skipped.
2025-05-19 13:00:59,323 [INFO] [11/30] Checking paste ID: 4QUQrRxr
2025-05-19 13:01:00,411 [INFO] No keywords found in paste 4QUQrRxr. Skipped.
2025-05-19 13:01:02,413 [INFO] [12/30] Checking paste ID: jX02RsHT
2025-05-19 13:01:02,920 [INFO] No keywords found in paste jX02RsHT. Skipped.
2025-05-19 13:01:04,921 [INFO] [13/30] Checking paste ID: hVpV4f1e
2025-05-19 13:01:06,082 [INFO] No keywords found in paste hVpV4f1e. Skipped.
2025-05-19 13:01:08,082 [INFO] [14/30] Checking paste ID: xG2AzqV9
2025-05-19 13:01:09,302 [INFO] No keywords found in paste xG2AzqV9. Skipped.
2025-05-19 13:01:11,302 [INFO] [15/30] Checking paste ID: b3VbQw04
2025-05-19 13:01:12,577 [INFO] No keywords found in paste b3VbQw04. Skipped.
2025-05-19 13:01:14,578 [INFO] [16/30] Checking paste ID: eXWRDMcL
2025-05-19 13:01:15,754 [INFO] Keywords found in paste eXWRDMcL: ['t.me']
2025-05-19 13:01:17,755 [INFO] [17/30] Checking paste ID: 0ZJtwLEN
2025-05-19 13:01:18,927 [INFO] Keywords found in paste 0ZJtwLEN: ['t.me']
2025-05-19 13:01:20,927 [INFO] [18/30] Checking paste ID: MgXGbx5a
2025-05-19 13:01:22,045 [INFO] Keywords found in paste MgXGbx5a: ['t.me']
2025-05-19 13:01:24,046 [INFO] [19/30] Checking paste ID: 1R5vFcdf
2025-05-19 13:01:25,377 [INFO] No keywords found in paste 1R5vFcdf. Skipped.
2025-05-19 13:01:27,378 [INFO] [20/30] Checking paste ID: DXSug5zB
2025-05-19 13:01:28,912 [INFO] No keywords found in paste DXSug5zB. Skipped.
2025-05-19 13:01:30,912 [INFO] [21/30] Checking paste ID: 8h45ZPzk
2025-05-19 13:01:32,753 [INFO] No keywords found in paste 8h45ZPzk. Skipped.
2025-05-19 13:01:34,754 [INFO] [22/30] Checking paste ID: FXNQPwde
2025-05-19 13:01:36,030 [INFO] No keywords found in paste FXNQPwde. Skipped.
2025-05-19 13:01:38,031 [INFO] [23/30] Checking paste ID: 0L5XVTwG
2025-05-19 13:01:39,406 [INFO] No keywords found in paste 0L5XVTwG. Skipped.
2025-05-19 13:01:41,406 [INFO] [24/30] Checking paste ID: BGfAq92x
2025-05-19 13:01:42,889 [INFO] No keywords found in paste BGfAq92x. Skipped.
2025-05-19 13:01:44,890 [INFO] [25/30] Checking paste ID: N36a0Mgi
2025-05-19 13:01:45,963 [INFO] No keywords found in paste N36a0Mgi. Skipped.
2025-05-19 13:01:47,964 [INFO] [26/30] Checking paste ID: m3z9Uxvr
2025-05-19 13:01:49,338 [INFO] No keywords found in paste m3z9Uxvr. Skipped.
2025-05-19 13:01:51,339 [INFO] [27/30] Checking paste ID: jivGukZJ
2025-05-19 13:01:52,512 [INFO] No keywords found in paste jivGukZJ. Skipped.
2025-05-19 13:01:54,512 [INFO] [28/30] Checking paste ID: xyvyEm1z
2025-05-19 13:01:55,548 [INFO] No keywords found in paste xyvyEm1z. Skipped.
2025-05-19 13:01:57,548 [INFO] [29/30] Checking paste ID: enzw81zd
2025-05-19 13:01:58,688 [INFO] No keywords found in paste enzw81zd. Skipped.
2025-05-19 13:02:00,689 [INFO] [30/30] Checking paste ID: eVjXCu0s
2025-05-19 13:02:01,935 [INFO] No keywords found in paste eVjXCu0s. Skipped.
2025-05-19 13:02:03,937 [INFO] Done. 3 matching pastes written to keyword_matches.jsonl.
2025-05-19 13:16:12,266 [INFO] Extracted 30 paste IDs from archive.
2025-05-19 13:16:12,267 [INFO] [1/30] Checking paste ID: prek5YeX
2025-05-19 13:16:13,488 [INFO] No keywords found in paste prek5YeX. Skipped.
2025-05-19 13:16:15,489 [INFO] [2/30] Checking paste ID: wjJ5iSvs
2025-05-19 13:16:16,663 [INFO] No keywords found in paste wjJ5iSvs. Skipped.
2025-05-19 13:16:18,664 [INFO] [3/30] Checking paste ID: kX6Exd6L
2025-05-19 13:16:19,838 [INFO] No keywords found in paste kX6Exd6L. Skipped.
2025-05-19 13:16:21,839 [INFO] [4/30] Checking paste ID: tkzArCMr
2025-05-19 13:16:22,980 [INFO] No keywords found in paste tkzArCMr. Skipped.
2025-05-19 13:16:24,981 [INFO] [5/30] Checking paste ID: baeWyLfA
2025-05-19 13:16:25,226 [INFO] No keywords found in paste baeWyLfA. Skipped.
2025-05-19 13:16:27,227 [INFO] [6/30] Checking paste ID: RFkR3HNp
2025-05-19 13:16:28,291 [INFO] No keywords found in paste RFkR3HNp. Skipped.
2025-05-19 13:16:30,292 [INFO] [7/30] Checking paste ID: tDSQ1xZh
2025-05-19 13:16:32,132 [INFO] Keywords found in paste tDSQ1xZh: ['tron']
2025-05-19 13:16:34,133 [INFO] [8/30] Checking paste ID: 19rWhZr7
2025-05-19 13:16:34,790 [INFO] No keywords found in paste 19rWhZr7. Skipped.
2025-05-19 13:16:36,791 [INFO] [9/30] Checking paste ID: sqcH8V6c
2025-05-19 13:16:37,970 [INFO] No keywords found in paste sqcH8V6c. Skipped.
2025-05-19 13:16:39,971 [INFO] [10/30] Checking paste ID: kf9NWnUu
2025-05-19 13:16:40,223 [INFO] No keywords found in paste kf9NWnUu. Skipped.
2025-05-19 13:16:42,223 [INFO] [11/30] Checking paste ID: Nr42XAxY
2025-05-19 13:16:42,346 [INFO] No keywords found in paste Nr42XAxY. Skipped.
2025-05-19 13:16:44,347 [INFO] [12/30] Checking paste ID: 4QUQrRxr
2025-05-19 13:16:45,031 [INFO] No keywords found in paste 4QUQrRxr. Skipped.
2025-05-19 13:16:47,031 [INFO] [13/30] Checking paste ID: jX02RsHT
2025-05-19 13:16:47,848 [INFO] No keywords found in paste jX02RsHT. Skipped.
2025-05-19 13:16:49,852 [INFO] [14/30] Checking paste ID: hVpV4f1e
2025-05-19 13:16:50,379 [INFO] No keywords found in paste hVpV4f1e. Skipped.
2025-05-19 13:16:52,380 [INFO] [15/30] Checking paste ID: xG2AzqV9
2025-05-19 13:16:53,630 [INFO] No keywords found in paste xG2AzqV9. Skipped.
2025-05-19 13:16:55,631 [INFO] [16/30] Checking paste ID: b3VbQw04
2025-05-19 13:16:56,811 [INFO] No keywords found in paste b3VbQw04. Skipped.
2025-05-19 13:16:58,815 [INFO] [17/30] Checking paste ID: eXWRDMcL
2025-05-19 13:17:00,084 [INFO] Keywords found in paste eXWRDMcL: ['t.me']
2025-05-19 13:17:02,085 [INFO] [18/30] Checking paste ID: 0ZJtwLEN
2025-05-19 13:17:02,338 [INFO] Keywords found in paste 0ZJtwLEN: ['t.me']
2025-05-19 13:17:04,338 [INFO] [19/30] Checking paste ID: MgXGbx5a
2025-05-19 13:17:05,000 [INFO] Keywords found in paste MgXGbx5a: ['t.me']
2025-05-19 13:17:07,001 [INFO] [20/30] Checking paste ID: 1R5vFcdf
2025-05-19 13:17:07,211 [INFO] No keywords found in paste 1R5vFcdf. Skipped.
2025-05-19 13:17:09,212 [INFO] [21/30] Checking paste ID: DXSug5zB
2025-05-19 13:17:10,736 [INFO] No keywords found in paste DXSug5zB. Skipped.
2025-05-19 13:17:12,737 [INFO] [22/30] Checking paste ID: 8h45ZPzk
2025-05-19 13:17:14,527 [INFO] No keywords found in paste 8h45ZPzk. Skipped.
2025-05-19 13:17:16,528 [INFO] [23/30] Checking paste ID: FXNQPwde
2025-05-19 13:17:17,705 [INFO] No keywords found in paste FXNQPwde. Skipped.
2025-05-19 13:17:19,705 [INFO] [24/30] Checking paste ID: 0L5XVTwG
2025-05-19 13:17:20,996 [INFO] No keywords found in paste 0L5XVTwG. Skipped.
2025-05-19 13:17:22,997 [INFO] [25/30] Checking paste ID: BGfAq92x
2025-05-19 13:17:24,254 [INFO] No keywords found in paste BGfAq92x. Skipped.
2025-05-19 13:17:26,255 [INFO] [26/30] Checking paste ID: N36a0Mgi
2025-05-19 13:17:27,427 [INFO] No keywords found in paste N36a0Mgi. Skipped.
2025-05-19 13:17:29,428 [INFO] [27/30] Checking paste ID: m3z9Uxvr
2025-05-19 13:17:29,782 [INFO] No keywords found in paste m3z9Uxvr. Skipped.
2025-05-19 13:17:31,782 [INFO] [28/30] Checking paste ID: jivGukZJ
2025-05-19 13:17:33,045 [INFO] No keywords found in paste jivGukZJ. Skipped.
2025-05-19 13:17:35,046 [INFO] [29/30] Checking paste ID: xyvyEm1z
2025-05-19 13:17:36,250 [INFO] No keywords found in paste xyvyEm1z. Skipped.
2025-05-19 13:17:38,251 [INFO] [30/30] Checking paste ID: enzw81zd
2025-05-19 13:17:39,510 [INFO] No keywords found in paste enzw81zd. Skipped.
2025-05-19 13:17:41,512 [INFO] Done. 4 matching pastes written to keyword_matches.jsonl.
2025-05-19 13:28:06,275 [INFO] Extracted 30 paste IDs from archive.
2025-05-19 13:28:06,277 [INFO] [1/30] Checking paste ID: 5GAkcFcZ
2025-05-19 13:28:07,454 [INFO] No keywords found in paste 5GAkcFcZ. Skipped.
2025-05-19 13:28:09,455 [INFO] [2/30] Checking paste ID: prek5YeX
2025-05-19 13:28:10,510 [INFO] No keywords found in paste prek5YeX. Skipped.
2025-05-19 13:28:12,511 [INFO] [3/30] Checking paste ID: wjJ5iSvs
2025-05-19 13:28:12,674 [INFO] No keywords found in paste wjJ5iSvs. Skipped.
2025-05-19 13:28:14,675 [INFO] [4/30] Checking paste ID: kX6Exd6L
2025-05-19 13:28:15,849 [INFO] No keywords found in paste kX6Exd6L. Skipped.
2025-05-19 13:28:17,850 [INFO] [5/30] Checking paste ID: tkzArCMr
2025-05-19 13:28:17,993 [INFO] No keywords found in paste tkzArCMr. Skipped.
2025-05-19 13:28:19,994 [INFO] [6/30] Checking paste ID: baeWyLfA
2025-05-19 13:28:20,152 [INFO] No keywords found in paste baeWyLfA. Skipped.
2025-05-19 13:28:22,154 [INFO] [7/30] Checking paste ID: RFkR3HNp
2025-05-19 13:28:22,277 [INFO] No keywords found in paste RFkR3HNp. Skipped.
2025-05-19 13:28:24,278 [INFO] [8/30] Checking paste ID: tDSQ1xZh
2025-05-19 13:28:25,889 [INFO] Keywords found in paste tDSQ1xZh: ['tron']
2025-05-19 13:28:27,889 [INFO] [9/30] Checking paste ID: 19rWhZr7
2025-05-19 13:28:28,138 [INFO] No keywords found in paste 19rWhZr7. Skipped.
2025-05-19 13:28:30,138 [INFO] [10/30] Checking paste ID: sqcH8V6c
2025-05-19 13:28:30,260 [INFO] No keywords found in paste sqcH8V6c. Skipped.
2025-05-19 13:28:32,261 [INFO] [11/30] Checking paste ID: kf9NWnUu
2025-05-19 13:28:32,385 [INFO] No keywords found in paste kf9NWnUu. Skipped.
2025-05-19 13:28:34,386 [INFO] [12/30] Checking paste ID: Nr42XAxY
2025-05-19 13:28:35,613 [INFO] No keywords found in paste Nr42XAxY. Skipped.
2025-05-19 13:28:37,614 [INFO] [13/30] Checking paste ID: 4QUQrRxr
2025-05-19 13:28:37,853 [INFO] No keywords found in paste 4QUQrRxr. Skipped.
2025-05-19 13:28:39,854 [INFO] [14/30] Checking paste ID: jX02RsHT
2025-05-19 13:28:41,141 [INFO] No keywords found in paste jX02RsHT. Skipped.
2025-05-19 13:28:43,142 [INFO] [15/30] Checking paste ID: hVpV4f1e
2025-05-19 13:28:44,314 [INFO] No keywords found in paste hVpV4f1e. Skipped.
2025-05-19 13:28:46,315 [INFO] [16/30] Checking paste ID: xG2AzqV9
2025-05-19 13:28:47,492 [INFO] No keywords found in paste xG2AzqV9. Skipped.
2025-05-19 13:28:49,493 [INFO] [17/30] Checking paste ID: b3VbQw04
2025-05-19 13:28:50,068 [INFO] No keywords found in paste b3VbQw04. Skipped.
2025-05-19 13:28:52,068 [INFO] [18/30] Checking paste ID: eXWRDMcL
2025-05-19 13:28:53,144 [INFO] Keywords found in paste eXWRDMcL: ['t.me']
2025-05-19 13:28:55,144 [INFO] [19/30] Checking paste ID: 0ZJtwLEN
2025-05-19 13:28:56,506 [INFO] Keywords found in paste 0ZJtwLEN: ['t.me']
2025-05-19 13:28:58,507 [INFO] [20/30] Checking paste ID: MgXGbx5a
2025-05-19 13:28:58,733 [INFO] Keywords found in paste MgXGbx5a: ['t.me']
2025-05-19 13:29:00,735 [INFO] [21/30] Checking paste ID: 1R5vFcdf
2025-05-19 13:29:02,237 [INFO] No keywords found in paste 1R5vFcdf. Skipped.
2025-05-19 13:29:04,238 [INFO] [22/30] Checking paste ID: DXSug5zB
2025-05-19 13:29:04,438 [INFO] Keywords found in paste DXSug5zB: ['polygon']
2025-05-19 13:29:06,438 [INFO] [23/30] Checking paste ID: 8h45ZPzk
2025-05-19 13:29:06,743 [INFO] No keywords found in paste 8h45ZPzk. Skipped.
2025-05-19 13:29:08,743 [INFO] [24/30] Checking paste ID: FXNQPwde
2025-05-19 13:29:09,003 [INFO] Keywords found in paste FXNQPwde: ['polygon']
2025-05-19 13:29:11,004 [INFO] [25/30] Checking paste ID: 0L5XVTwG
2025-05-19 13:29:11,351 [INFO] No keywords found in paste 0L5XVTwG. Skipped.
2025-05-19 13:29:13,352 [INFO] [26/30] Checking paste ID: BGfAq92x
2025-05-19 13:29:13,471 [INFO] No keywords found in paste BGfAq92x. Skipped.
2025-05-19 13:29:15,471 [INFO] [27/30] Checking paste ID: N36a0Mgi
2025-05-19 13:29:16,540 [INFO] No keywords found in paste N36a0Mgi. Skipped.
2025-05-19 13:29:18,541 [INFO] [28/30] Checking paste ID: m3z9Uxvr
2025-05-19 13:29:18,826 [INFO] No keywords found in paste m3z9Uxvr. Skipped.
2025-05-19 13:29:20,826 [INFO] [29/30] Checking paste ID: jivGukZJ
2025-05-19 13:29:21,078 [INFO] No keywords found in paste jivGukZJ. Skipped.
2025-05-19 13:29:23,079 [INFO] [30/30] Checking paste ID: xyvyEm1z
2025-05-19 13:29:23,434 [INFO] No keywords found in paste xyvyEm1z. Skipped.
2025-05-19 13:29:25,437 [INFO] Done. 6 matching pastes written to keyword_matches.jsonl.
